<?xml version="1.0" encoding="UTF-8"?>
<testsuite name="models.RectangleTest" tests="5" skipped="0" failures="0" errors="0" timestamp="2022-02-16T10:36:39" hostname="moringa-ThinkPad-L440" time="0.032">
  <properties/>
  <testcase name="Rectangle class should instantiate correctly" classname="models.RectangleTest" time="0.022"/>
  <testcase name="Rectangle class should get length correctly" classname="models.RectangleTest" time="0.002"/>
  <testcase name="To check the rectangle is  a square" classname="models.RectangleTest" time="0.001"/>
  <testcase name="Rectangle class should get width correctly" classname="models.RectangleTest" time="0.001"/>
  <testcase name="To check the rectangle is not a square" classname="models.RectangleTest" time="0.001"/>
  <system-out><![CDATA[]]></system-out>
  <system-err><![CDATA[]]></system-err>
</testsuite>
